<?xml version="1.0" encoding="UTF-8"?>
<testsuite name="MainTest" tests="7" skipped="0" failures="0" errors="0" timestamp="2024-03-21T15:36:49" hostname="DESKTOP-A97GDF4" time="0.017">
  <properties/>
  <testcase name="test1" classname="MainTest" time="0.012"/>
  <testcase name="test2" classname="MainTest" time="0.001"/>
  <testcase name="test3" classname="MainTest" time="0.001"/>
  <testcase name="test4" classname="MainTest" time="0.001"/>
  <testcase name="test5" classname="MainTest" time="0.0"/>
  <testcase name="testFromProblem1" classname="MainTest" time="0.0"/>
  <testcase name="testFromProblem2" classname="MainTest" time="0.001"/>
  <system-out><![CDATA[]]></system-out>
  <system-err><![CDATA[]]></system-err>
</testsuite>
