<?xml version="1.0" encoding="UTF-8"?>
<testsuite name="MainTest" tests="12" skipped="0" failures="0" errors="0" timestamp="2024-03-22T15:03:32" hostname="DESKTOP-A97GDF4" time="0.023">
  <properties/>
  <testcase name="test[0]" classname="MainTest" time="0.011"/>
  <testcase name="test[1]" classname="MainTest" time="0.001"/>
  <testcase name="test[2]" classname="MainTest" time="0.001"/>
  <testcase name="test[3]" classname="MainTest" time="0.001"/>
  <testcase name="test[4]" classname="MainTest" time="0.001"/>
  <testcase name="test[5]" classname="MainTest" time="0.001"/>
  <testcase name="test[6]" classname="MainTest" time="0.001"/>
  <testcase name="test[7]" classname="MainTest" time="0.001"/>
  <testcase name="test[8]" classname="MainTest" time="0.001"/>
  <testcase name="test[9]" classname="MainTest" time="0.001"/>
  <testcase name="test[10]" classname="MainTest" time="0.001"/>
  <testcase name="test[11]" classname="MainTest" time="0.001"/>
  <system-out><![CDATA[]]></system-out>
  <system-err><![CDATA[]]></system-err>
</testsuite>
